[debug] > Exec(;reload; set _root_.org.jetbrains.sbt.StructureKeys.sbtStructureOptions in Global := "download, resolveSourceClassifiers, insertProjectTransitiveDependencies" ;preferScala2;*/*:dumpStructureTo C:/Users/JOSHUA~1/AppData/Local/Temp/sbt-structure.xml; session clear-all ; set ideaPort in Global := 50151, None, None)
[debug] > Exec(reload, None, None)
[debug] > Exec(sbtStashOnFailure, None, None)
[debug] > Exec(onFailure loadFailed, None, None)
[debug] > Exec(loadp, None, None)
[info] welcome to sbt 1.9.7 (Oracle Corporation Java 1.8.0_401)
[debug] Load.defaultLoad until apply took 4.4422ms
[debug]           Load.loadUnit: plugins took 40.3173ms
[debug]           Load.loadUnit: defsScala took 0.004501ms
[debug] [Loading] Scanning directory C:\Users\Joshua Goon\OneDrive\Documents\GitHub\finalprojectv2-joshuagoon\project
[debug]             Load.loadUnit: mkEval took 0.2983ms
[debug] [Loading] Found non-root projects 
[debug] [Loading] Done in C:\Users\Joshua Goon\OneDrive\Documents\GitHub\finalprojectv2-joshuagoon\project, returning: ()
[debug] deducing auto plugins based on known facts Set(Atom(sbt.plugins.CorePlugin)) and clauses Clauses(Clause(Atom(sbt.plugins.JvmPlugin),Set(Atom(sbt.plugins.IvyPlugin)))
[debug] Clause(Atom(sbt.ScriptedPlugin),Set(Atom(sbt.plugins.JvmPlugin)))
[debug] Clause(Atom(sbt.plugins.SbtPlugin),Set(Atom(sbt.ScriptedPlugin)))
[debug] Clause(Atom(sbt.plugins.SemanticdbPlugin),Set(Atom(sbt.plugins.JvmPlugin)))
[debug] Clause(Atom(sbt.plugins.JUnitXmlReportPlugin),Set(Atom(sbt.plugins.JvmPlugin)))
[debug] Clause(Atom(sbt.plugins.MiniDependencyTreePlugin),Set(Atom(sbt.plugins.JvmPlugin)))
[debug] Clause(Atom(sbt.plugins.CorePlugin),Set(Atom(sbt.plugins.IvyPlugin)))
[debug] Clause(Atom(sbt.plugins.IvyPlugin),Set(Atom(sbt.plugins.JvmPlugin)))
[debug] Clause(Atom(sbt.plugins.JvmPlugin),Set(Atom(sbt.plugins.SemanticdbPlugin)))
[debug] Clause(Atom(sbt.plugins.JvmPlugin),Set(Atom(sbt.plugins.JUnitXmlReportPlugin)))
[debug] Clause(Atom(sbt.plugins.CorePlugin),Set(Atom(sbt.plugins.Giter8TemplatePlugin)))
[debug] Clause(Atom(sbt.plugins.JvmPlugin),Set(Atom(sbt.plugins.MiniDependencyTreePlugin))))
[debug]   :: deduced result: Matched(sbt.plugins.CorePlugin,sbt.plugins.Giter8TemplatePlugin,sbt.plugins.IvyPlugin,sbt.plugins.JvmPlugin,sbt.plugins.MiniDependencyTreePlugin,sbt.plugins.JUnitXmlReportPlugin,sbt.plugins.SemanticdbPlugin)
[debug] Plugins.deducer#function took 1.110299 ms
[info] loading settings for project finalprojectv2-joshuagoon-build from idea.sbt ...
[debug]               Load.resolveProject(finalprojectv2-joshuagoon-build) took 1.8499ms
[debug]             Load.loadTransitive: finalizeProject(Project(id finalprojectv2-joshuagoon-build, base: C:\Users\Joshua Goon\OneDrive\Documents\GitHub\finalprojectv2-joshuagoon\project, plugins: List(<none>))) took 3.4041ms
[debug] [Loading] Done in C:\Users\Joshua Goon\OneDrive\Documents\GitHub\finalprojectv2-joshuagoon\project, returning: (finalprojectv2-joshuagoon-build)
[debug]           Load.loadUnit: loadedProjectsRaw took 33.0709ms
[debug]           Load.loadUnit: cleanEvalClasses took 2.656301ms
[debug]         Load.loadUnit(file:/C:/Users/Joshua%20Goon/OneDrive/Documents/GitHub/finalprojectv2-joshuagoon/project/, ...) took 77.4498ms
[debug]       Load.apply: load took 79.2272ms
[debug]       Load.apply: resolveProjects took 0.1507ms
[debug]       Load.apply: finalTransforms took 9.971601ms
[debug]       Load.apply: config.delegates took 0.299501ms
[debug]       Load.apply: Def.make(settings)... took 56.938701ms
[debug]       Load.apply: structureIndex took 17.2971ms
[debug]       Load.apply: mkStreams took 0.003299ms
[info] loading project definition from C:\Users\Joshua Goon\OneDrive\Documents\GitHub\finalprojectv2-joshuagoon\project
[debug] Running task... Cancel: Signal, check cycles: false, forcegc: true
[debug]     Load.loadUnit: plugins took 373.096099ms
[debug]     Load.loadUnit: defsScala took 0.0033ms
[debug] [Loading] Scanning directory C:\Users\Joshua Goon\OneDrive\Documents\GitHub\finalprojectv2-joshuagoon
[debug]       Load.loadUnit: mkEval took 0.2923ms
[debug] [Loading] Found root project root w/ remaining 
[debug] deducing auto plugins based on known facts Set(Atom(sbt.plugins.CorePlugin)) and clauses Clauses(Clause(Atom(sbt.plugins.JvmPlugin),Set(Atom(sbt.plugins.IvyPlugin)))
[debug] Clause(Atom(sbt.ScriptedPlugin),Set(Atom(sbt.plugins.JvmPlugin)))
[debug] Clause(Atom(sbt.plugins.SbtPlugin),Set(Atom(sbt.ScriptedPlugin)))
[debug] Clause(Atom(sbt.plugins.SemanticdbPlugin),Set(Atom(sbt.plugins.JvmPlugin)))
[debug] Clause(Atom(sbt.plugins.JUnitXmlReportPlugin),Set(Atom(sbt.plugins.JvmPlugin)))
[debug] Clause(Atom(sbt.plugins.MiniDependencyTreePlugin),Set(Atom(sbt.plugins.JvmPlugin)))
[debug] Clause(Atom(org.jetbrains.sbt.StructurePlugin),Set(Atom(sbt.plugins.JvmPlugin)))
[debug] Clause(Atom(org.jetbrains.sbt.IdeaShellPlugin),Set(Atom(sbt.plugins.JvmPlugin)))
[debug] Clause(Atom(org.jetbrains.sbt.indices.SbtIntellijIndicesPlugin),Set(Atom(sbt.plugins.JvmPlugin)))
[debug] Clause(Atom(sbt.plugins.CorePlugin),Set(Atom(sbt.plugins.IvyPlugin)))
[debug] Clause(Atom(sbt.plugins.IvyPlugin),Set(Atom(sbt.plugins.JvmPlugin)))
[debug] Clause(Atom(sbt.plugins.JvmPlugin),Set(Atom(sbt.plugins.SemanticdbPlugin)))
[debug] Clause(Atom(sbt.plugins.JvmPlugin),Set(Atom(sbt.plugins.JUnitXmlReportPlugin)))
[debug] Clause(Atom(sbt.plugins.CorePlugin),Set(Atom(sbt.plugins.Giter8TemplatePlugin)))
[debug] Clause(Atom(sbt.plugins.JvmPlugin),Set(Atom(sbt.plugins.MiniDependencyTreePlugin)))
[debug] Clause(Atom(sbt.plugins.JvmPlugin),Set(Atom(org.jetbrains.sbt.StructurePlugin)))
[debug] Clause(Atom(sbt.plugins.JvmPlugin),Set(Atom(org.jetbrains.sbt.IdeaShellPlugin)))
[debug] Clause(And(Set(Atom(sbt.plugins.CorePlugin), Atom(sbt.plugins.JvmPlugin))),Set(Atom(org.jetbrains.sbt.indices.SbtIntellijIndicesPlugin))))
[debug]   :: deduced result: Matched(sbt.plugins.CorePlugin,sbt.plugins.Giter8TemplatePlugin,sbt.plugins.IvyPlugin,sbt.plugins.JvmPlugin,sbt.plugins.SemanticdbPlugin,org.jetbrains.sbt.indices.SbtIntellijIndicesPlugin,sbt.plugins.JUnitXmlReportPlugin,org.jetbrains.sbt.IdeaShellPlugin,org.jetbrains.sbt.StructurePlugin,sbt.plugins.MiniDependencyTreePlugin)
[debug] Plugins.deducer#function took 1.5023 ms
[info] loading settings for project root from build.sbt ...
[debug]         Load.resolveProject(root) took 36.9388ms
[debug]       Load.loadTransitive: finalizeProject(Project(id root, base: C:\Users\Joshua Goon\OneDrive\Documents\GitHub\finalprojectv2-joshuagoon, plugins: List(<none>))) took 38.970399ms
[debug] [Loading] Done in C:\Users\Joshua Goon\OneDrive\Documents\GitHub\finalprojectv2-joshuagoon, returning: (root)
[debug]     Load.loadUnit: loadedProjectsRaw took 617.4844ms
[debug]     Load.loadUnit: cleanEvalClasses took 6.004699ms
[debug]   Load.loadUnit(file:/C:/Users/Joshua%20Goon/OneDrive/Documents/GitHub/finalprojectv2-joshuagoon/, ...) took 996.9494ms
[debug] Load.apply: load took 998.4301ms
[debug] Load.apply: resolveProjects took 0.0783ms
[debug] Load.apply: finalTransforms took 15.5373ms
[debug] Load.apply: config.delegates took 0.183799ms
[debug] Load.apply: Def.make(settings)... took 51.634799ms
[debug] Load.apply: structureIndex took 14.826701ms
[debug] Load.apply: mkStreams took 0.0024ms
[warn] Discarding 1 session setting.  Use 'session save' to persist session settings.
[info] set current project to scalaFXIntro (in build file:/C:/Users/Joshua%20Goon/OneDrive/Documents/GitHub/finalprojectv2-joshuagoon/)
[debug] > Exec(sbtPopOnFailure, None, None)
[debug] > Exec(resumeFromFailure, None, None)
[debug] > Exec(set _root_.org.jetbrains.sbt.StructureKeys.sbtStructureOptions in Global := "download, resolveSourceClassifiers, insertProjectTransitiveDependencies", None, None)
[info] Defining Global / sbtStructureOptions
[info] The new value will be used by Global / ssOptions
[debug] Defining 
[debug] 	Global / sbtStructureOptions
[debug] 
[debug] The new value will be used by 
[debug] 	Global / ssOptions
[info] Reapplying settings...
[info] set current project to scalaFXIntro (in build file:/C:/Users/Joshua%20Goon/OneDrive/Documents/GitHub/finalprojectv2-joshuagoon/)
[debug] > Exec(preferScala2, None, None)
[debug] > Exec(*/*:dumpStructureTo C:/Users/JOSHUA~1/AppData/Local/Temp/sbt-structure.xml, None, None)
[debug] Evaluating tasks: Global / dumpStructureTo
[warn] sbt 0.13 shell syntax is deprecated; use slash syntax instead: Global / dumpStructureTo
[debug] Running task... Cancel: Signal, check cycles: false, forcegc: true
[info] Writing structure to C:\Users\JOSHUA~1\AppData\Local\Temp\sbt-structure.xml...
[info] Done.
[success] Total time: 0 s, completed Aug 14, 2024 9:28:14 PM
[debug] > Exec(session clear-all, None, None)
[info] Reapplying settings...
[info] set current project to scalaFXIntro (in build file:/C:/Users/Joshua%20Goon/OneDrive/Documents/GitHub/finalprojectv2-joshuagoon/)
[debug] > Exec(set ideaPort in Global := 50151, None, None)
[info] Defining Global / ideaPort
[info] The new value will be used by Compile / compile, Test / compile
[debug] Defining 
[debug] 	Global / ideaPort
[debug] 
[debug] The new value will be used by 
[debug] 	Compile / compile
[debug] 	Test / compile
[info] Reapplying settings...
[info] set current project to scalaFXIntro (in build file:/C:/Users/Joshua%20Goon/OneDrive/Documents/GitHub/finalprojectv2-joshuagoon/)
[debug] > Exec(idea-shell, None, None)
