[debug] > Exec(early(addDefaultCommands), None, None)
[debug] > Exec(addDefaultCommands, None, None)
[debug] > Exec(early(initialize), None, None)
[debug] > Exec(initialize, None, None)
[debug] > Exec(early(addPluginSbtFile="""C:\Users\JOSHUA~1\AppData\Local\Temp\idea.sbt"""), None, None)
[debug] > Exec(addPluginSbtFile="""C:\Users\JOSHUA~1\AppData\Local\Temp\idea.sbt""", None, None)
[debug] > Exec(boot, None, None)
[debug] > Exec(writeSbtVersion, None, None)
[debug] > Exec(reload, None, None)
[debug] > Exec(sbtStashOnFailure, None, None)
[debug] > Exec(onFailure loadFailed, None, None)
[debug] > Exec(loadp, None, None)
[info] welcome to sbt 1.9.7 (Oracle Corporation Java 1.8.0_401)
[debug] Load.defaultLoad until apply took 205.1953ms
[debug]           Load.loadUnit: plugins took 314.7108ms
[debug]           Load.loadUnit: defsScala took 0.3752ms
[debug] [Loading] Scanning directory C:\Users\Joshua Goon\OneDrive\Documents\GitHub\finalprojectv2-joshuagoon\project
[debug]             Load.loadUnit: mkEval took 11.6487ms
[debug] [Loading] Found non-root projects 
[debug] [Loading] Done in C:\Users\Joshua Goon\OneDrive\Documents\GitHub\finalprojectv2-joshuagoon\project, returning: ()
[debug] deducing auto plugins based on known facts Set(Atom(sbt.plugins.CorePlugin)) and clauses Clauses(Clause(Atom(sbt.plugins.JvmPlugin),Set(Atom(sbt.plugins.IvyPlugin)))
[debug] Clause(Atom(sbt.ScriptedPlugin),Set(Atom(sbt.plugins.JvmPlugin)))
[debug] Clause(Atom(sbt.plugins.SbtPlugin),Set(Atom(sbt.ScriptedPlugin)))
[debug] Clause(Atom(sbt.plugins.SemanticdbPlugin),Set(Atom(sbt.plugins.JvmPlugin)))
[debug] Clause(Atom(sbt.plugins.JUnitXmlReportPlugin),Set(Atom(sbt.plugins.JvmPlugin)))
[debug] Clause(Atom(sbt.plugins.MiniDependencyTreePlugin),Set(Atom(sbt.plugins.JvmPlugin)))
[debug] Clause(Atom(sbt.plugins.CorePlugin),Set(Atom(sbt.plugins.IvyPlugin)))
[debug] Clause(Atom(sbt.plugins.IvyPlugin),Set(Atom(sbt.plugins.JvmPlugin)))
[debug] Clause(Atom(sbt.plugins.JvmPlugin),Set(Atom(sbt.plugins.SemanticdbPlugin)))
[debug] Clause(Atom(sbt.plugins.JvmPlugin),Set(Atom(sbt.plugins.JUnitXmlReportPlugin)))
[debug] Clause(Atom(sbt.plugins.CorePlugin),Set(Atom(sbt.plugins.Giter8TemplatePlugin)))
[debug] Clause(Atom(sbt.plugins.JvmPlugin),Set(Atom(sbt.plugins.MiniDependencyTreePlugin))))
[debug]   :: deduced result: Matched(sbt.plugins.CorePlugin,sbt.plugins.Giter8TemplatePlugin,sbt.plugins.IvyPlugin,sbt.plugins.JvmPlugin,sbt.plugins.MiniDependencyTreePlugin,sbt.plugins.JUnitXmlReportPlugin,sbt.plugins.SemanticdbPlugin)
[debug] Plugins.deducer#function took 34.7422 ms
[info] loading settings for project finalprojectv2-joshuagoon-build from idea.sbt ...
[debug]               Load.resolveProject(finalprojectv2-joshuagoon-build) took 96.7347ms
[debug]             Load.loadTransitive: finalizeProject(Project(id finalprojectv2-joshuagoon-build, base: C:\Users\Joshua Goon\OneDrive\Documents\GitHub\finalprojectv2-joshuagoon\project, plugins: List(<none>))) took 190.4697ms
[debug] [Loading] Done in C:\Users\Joshua Goon\OneDrive\Documents\GitHub\finalprojectv2-joshuagoon\project, returning: (finalprojectv2-joshuagoon-build)
[debug]           Load.loadUnit: loadedProjectsRaw took 652.9298ms
[debug]           Load.loadUnit: cleanEvalClasses took 13.7414ms
[debug]         Load.loadUnit(file:/C:/Users/Joshua%20Goon/OneDrive/Documents/GitHub/finalprojectv2-joshuagoon/project/, ...) took 989.1299ms
[debug]       Load.apply: load took 1173.1451ms
[debug]       Load.apply: resolveProjects took 7.7203ms
[debug]       Load.apply: finalTransforms took 89.856ms
[debug]       Load.apply: config.delegates took 13.1985ms
[debug]       Load.apply: Def.make(settings)... took 697.7126ms
[debug]       Load.apply: structureIndex took 171.1353ms
[debug]       Load.apply: mkStreams took 3.28ms
[info] loading project definition from C:\Users\Joshua Goon\OneDrive\Documents\GitHub\finalprojectv2-joshuagoon\project
[debug] Running task... Cancel: Signal, check cycles: false, forcegc: true
[debug]     Load.loadUnit: plugins took 3643.2122ms
[debug]     Load.loadUnit: defsScala took 0.0052ms
[debug] [Loading] Scanning directory C:\Users\Joshua Goon\OneDrive\Documents\GitHub\finalprojectv2-joshuagoon
[debug]       Load.loadUnit: mkEval took 0.4149ms
[debug] [Loading] Found root project root w/ remaining 
[debug] deducing auto plugins based on known facts Set(Atom(sbt.plugins.CorePlugin)) and clauses Clauses(Clause(Atom(sbt.plugins.JvmPlugin),Set(Atom(sbt.plugins.IvyPlugin)))
[debug] Clause(Atom(sbt.ScriptedPlugin),Set(Atom(sbt.plugins.JvmPlugin)))
[debug] Clause(Atom(sbt.plugins.SbtPlugin),Set(Atom(sbt.ScriptedPlugin)))
[debug] Clause(Atom(sbt.plugins.SemanticdbPlugin),Set(Atom(sbt.plugins.JvmPlugin)))
[debug] Clause(Atom(sbt.plugins.JUnitXmlReportPlugin),Set(Atom(sbt.plugins.JvmPlugin)))
[debug] Clause(Atom(sbt.plugins.MiniDependencyTreePlugin),Set(Atom(sbt.plugins.JvmPlugin)))
[debug] Clause(Atom(org.jetbrains.sbt.StructurePlugin),Set(Atom(sbt.plugins.JvmPlugin)))
[debug] Clause(Atom(org.jetbrains.sbt.IdeaShellPlugin),Set(Atom(sbt.plugins.JvmPlugin)))
[debug] Clause(Atom(org.jetbrains.sbt.indices.SbtIntellijIndicesPlugin),Set(Atom(sbt.plugins.JvmPlugin)))
[debug] Clause(Atom(sbt.plugins.CorePlugin),Set(Atom(sbt.plugins.IvyPlugin)))
[debug] Clause(Atom(sbt.plugins.IvyPlugin),Set(Atom(sbt.plugins.JvmPlugin)))
[debug] Clause(Atom(sbt.plugins.JvmPlugin),Set(Atom(sbt.plugins.SemanticdbPlugin)))
[debug] Clause(Atom(sbt.plugins.JvmPlugin),Set(Atom(sbt.plugins.JUnitXmlReportPlugin)))
[debug] Clause(Atom(sbt.plugins.CorePlugin),Set(Atom(sbt.plugins.Giter8TemplatePlugin)))
[debug] Clause(Atom(sbt.plugins.JvmPlugin),Set(Atom(sbt.plugins.MiniDependencyTreePlugin)))
[debug] Clause(Atom(sbt.plugins.JvmPlugin),Set(Atom(org.jetbrains.sbt.StructurePlugin)))
[debug] Clause(Atom(sbt.plugins.JvmPlugin),Set(Atom(org.jetbrains.sbt.IdeaShellPlugin)))
[debug] Clause(And(Set(Atom(sbt.plugins.CorePlugin), Atom(sbt.plugins.JvmPlugin))),Set(Atom(org.jetbrains.sbt.indices.SbtIntellijIndicesPlugin))))
[debug]   :: deduced result: Matched(sbt.plugins.CorePlugin,sbt.plugins.Giter8TemplatePlugin,sbt.plugins.IvyPlugin,sbt.plugins.JvmPlugin,sbt.plugins.SemanticdbPlugin,org.jetbrains.sbt.indices.SbtIntellijIndicesPlugin,sbt.plugins.JUnitXmlReportPlugin,org.jetbrains.sbt.IdeaShellPlugin,org.jetbrains.sbt.StructurePlugin,sbt.plugins.MiniDependencyTreePlugin)
[debug] Plugins.deducer#function took 4.5407 ms
[info] loading settings for project root from build.sbt ...
[debug]         Load.resolveProject(root) took 37.6449ms
[debug]       Load.loadTransitive: finalizeProject(Project(id root, base: C:\Users\Joshua Goon\OneDrive\Documents\GitHub\finalprojectv2-joshuagoon, plugins: List(<none>))) took 44.4551ms
[debug] [Loading] Done in C:\Users\Joshua Goon\OneDrive\Documents\GitHub\finalprojectv2-joshuagoon, returning: (root)
[debug]     Load.loadUnit: loadedProjectsRaw took 150.6653ms
[debug]     Load.loadUnit: cleanEvalClasses took 12.2638ms
[debug]   Load.loadUnit(file:/C:/Users/Joshua%20Goon/OneDrive/Documents/GitHub/finalprojectv2-joshuagoon/, ...) took 3808.2859ms
[debug] Load.apply: load took 3844.9349ms
[debug] Load.apply: resolveProjects took 0.1648ms
[debug] Load.apply: finalTransforms took 43.2203ms
[debug] Load.apply: config.delegates took 0.7731ms
[debug] Load.apply: Def.make(settings)... took 151.6115ms
[debug] Load.apply: structureIndex took 62.5927ms
[debug] Load.apply: mkStreams took 0.0035ms
[info] set current project to scalaFXIntro (in build file:/C:/Users/Joshua%20Goon/OneDrive/Documents/GitHub/finalprojectv2-joshuagoon/)
[debug] > Exec(sbtPopOnFailure, None, None)
[debug] > Exec(resumeFromFailure, None, None)
[debug] > Exec(notifyUsersAboutShell, None, None)
[debug] > Exec(iflast shell, None, None)
[debug] > Exec(; set ideaPort in Global := 52938 ; idea-shell, None, None)
[debug] > Exec(set ideaPort in Global := 52938, None, None)
[info] Defining Global / ideaPort
[info] The new value will be used by Compile / compile, Test / compile
[debug] Defining 
[debug] 	Global / ideaPort
[debug] 
[debug] The new value will be used by 
[debug] 	Compile / compile
[debug] 	Test / compile
[info] Reapplying settings...
[info] set current project to scalaFXIntro (in build file:/C:/Users/Joshua%20Goon/OneDrive/Documents/GitHub/finalprojectv2-joshuagoon/)
[debug] > Exec(idea-shell, None, None)
