[debug] > Exec(early(addDefaultCommands), None, None)
[debug] > Exec(addDefaultCommands, None, None)
[debug] > Exec(early(initialize), None, None)
[debug] > Exec(initialize, None, None)
[debug] > Exec(early(addPluginSbtFile="""C:\Users\JOSHUA~1\AppData\Local\Temp\idea.sbt"""), None, None)
[debug] > Exec(addPluginSbtFile="""C:\Users\JOSHUA~1\AppData\Local\Temp\idea.sbt""", None, None)
[debug] > Exec(boot, None, None)
[debug] > Exec(writeSbtVersion, None, None)
[debug] > Exec(reload, None, None)
[debug] > Exec(sbtStashOnFailure, None, None)
[debug] > Exec(onFailure loadFailed, None, None)
[debug] > Exec(loadp, None, None)
[info] welcome to sbt 1.9.7 (Oracle Corporation Java 1.8.0_401)
[debug] Load.defaultLoad until apply took 380.4859ms
[debug]           Load.loadUnit: plugins took 633.3136ms
[debug]           Load.loadUnit: defsScala took 0.9347ms
[debug] [Loading] Scanning directory C:\Users\Joshua Goon\OneDrive\Documents\GitHub\finalprojectv2-joshuagoon\project
[debug]             Load.loadUnit: mkEval took 21.6814ms
[debug] [Loading] Found non-root projects 
[debug] [Loading] Done in C:\Users\Joshua Goon\OneDrive\Documents\GitHub\finalprojectv2-joshuagoon\project, returning: ()
[debug] deducing auto plugins based on known facts Set(Atom(sbt.plugins.CorePlugin)) and clauses Clauses(Clause(Atom(sbt.plugins.JvmPlugin),Set(Atom(sbt.plugins.IvyPlugin)))
[debug] Clause(Atom(sbt.ScriptedPlugin),Set(Atom(sbt.plugins.JvmPlugin)))
[debug] Clause(Atom(sbt.plugins.SbtPlugin),Set(Atom(sbt.ScriptedPlugin)))
[debug] Clause(Atom(sbt.plugins.SemanticdbPlugin),Set(Atom(sbt.plugins.JvmPlugin)))
[debug] Clause(Atom(sbt.plugins.JUnitXmlReportPlugin),Set(Atom(sbt.plugins.JvmPlugin)))
[debug] Clause(Atom(sbt.plugins.MiniDependencyTreePlugin),Set(Atom(sbt.plugins.JvmPlugin)))
[debug] Clause(Atom(sbt.plugins.CorePlugin),Set(Atom(sbt.plugins.IvyPlugin)))
[debug] Clause(Atom(sbt.plugins.IvyPlugin),Set(Atom(sbt.plugins.JvmPlugin)))
[debug] Clause(Atom(sbt.plugins.JvmPlugin),Set(Atom(sbt.plugins.SemanticdbPlugin)))
[debug] Clause(Atom(sbt.plugins.JvmPlugin),Set(Atom(sbt.plugins.JUnitXmlReportPlugin)))
[debug] Clause(Atom(sbt.plugins.CorePlugin),Set(Atom(sbt.plugins.Giter8TemplatePlugin)))
[debug] Clause(Atom(sbt.plugins.JvmPlugin),Set(Atom(sbt.plugins.MiniDependencyTreePlugin))))
[debug]   :: deduced result: Matched(sbt.plugins.CorePlugin,sbt.plugins.Giter8TemplatePlugin,sbt.plugins.IvyPlugin,sbt.plugins.JvmPlugin,sbt.plugins.MiniDependencyTreePlugin,sbt.plugins.JUnitXmlReportPlugin,sbt.plugins.SemanticdbPlugin)
[debug] Plugins.deducer#function took 45.5103 ms
[info] loading settings for project finalprojectv2-joshuagoon-build from idea.sbt ...
[debug]               Load.resolveProject(finalprojectv2-joshuagoon-build) took 127.0295ms
[debug]             Load.loadTransitive: finalizeProject(Project(id finalprojectv2-joshuagoon-build, base: C:\Users\Joshua Goon\OneDrive\Documents\GitHub\finalprojectv2-joshuagoon\project, plugins: List(<none>))) took 242.9205ms
[debug] [Loading] Done in C:\Users\Joshua Goon\OneDrive\Documents\GitHub\finalprojectv2-joshuagoon\project, returning: (finalprojectv2-joshuagoon-build)
[debug]           Load.loadUnit: loadedProjectsRaw took 1169.9811ms
[debug]           Load.loadUnit: cleanEvalClasses took 17.5151ms
[debug]         Load.loadUnit(file:/C:/Users/Joshua%20Goon/OneDrive/Documents/GitHub/finalprojectv2-joshuagoon/project/, ...) took 1836.8689ms
[debug]       Load.apply: load took 2115.9714ms
[debug]       Load.apply: resolveProjects took 13.6784ms
[debug]       Load.apply: finalTransforms took 139.2313ms
[debug]       Load.apply: config.delegates took 17.8023ms
[debug]       Load.apply: Def.make(settings)... took 1202.6497ms
[debug]       Load.apply: structureIndex took 307.0361ms
[debug]       Load.apply: mkStreams took 5.5798ms
[info] loading project definition from C:\Users\Joshua Goon\OneDrive\Documents\GitHub\finalprojectv2-joshuagoon\project
[debug] Running task... Cancel: Signal, check cycles: false, forcegc: true
[debug]     Load.loadUnit: plugins took 6111.5266ms
[debug]     Load.loadUnit: defsScala took 0.0087ms
[debug] [Loading] Scanning directory C:\Users\Joshua Goon\OneDrive\Documents\GitHub\finalprojectv2-joshuagoon
[debug]       Load.loadUnit: mkEval took 0.7161ms
[debug] [Loading] Found root project root w/ remaining 
[debug] deducing auto plugins based on known facts Set(Atom(sbt.plugins.CorePlugin)) and clauses Clauses(Clause(Atom(sbt.plugins.JvmPlugin),Set(Atom(sbt.plugins.IvyPlugin)))
[debug] Clause(Atom(sbt.ScriptedPlugin),Set(Atom(sbt.plugins.JvmPlugin)))
[debug] Clause(Atom(sbt.plugins.SbtPlugin),Set(Atom(sbt.ScriptedPlugin)))
[debug] Clause(Atom(sbt.plugins.SemanticdbPlugin),Set(Atom(sbt.plugins.JvmPlugin)))
[debug] Clause(Atom(sbt.plugins.JUnitXmlReportPlugin),Set(Atom(sbt.plugins.JvmPlugin)))
[debug] Clause(Atom(sbt.plugins.MiniDependencyTreePlugin),Set(Atom(sbt.plugins.JvmPlugin)))
[debug] Clause(Atom(org.jetbrains.sbt.StructurePlugin),Set(Atom(sbt.plugins.JvmPlugin)))
[debug] Clause(Atom(org.jetbrains.sbt.IdeaShellPlugin),Set(Atom(sbt.plugins.JvmPlugin)))
[debug] Clause(Atom(org.jetbrains.sbt.indices.SbtIntellijIndicesPlugin),Set(Atom(sbt.plugins.JvmPlugin)))
[debug] Clause(Atom(sbt.plugins.CorePlugin),Set(Atom(sbt.plugins.IvyPlugin)))
[debug] Clause(Atom(sbt.plugins.IvyPlugin),Set(Atom(sbt.plugins.JvmPlugin)))
[debug] Clause(Atom(sbt.plugins.JvmPlugin),Set(Atom(sbt.plugins.SemanticdbPlugin)))
[debug] Clause(Atom(sbt.plugins.JvmPlugin),Set(Atom(sbt.plugins.JUnitXmlReportPlugin)))
[debug] Clause(Atom(sbt.plugins.CorePlugin),Set(Atom(sbt.plugins.Giter8TemplatePlugin)))
[debug] Clause(Atom(sbt.plugins.JvmPlugin),Set(Atom(sbt.plugins.MiniDependencyTreePlugin)))
[debug] Clause(Atom(sbt.plugins.JvmPlugin),Set(Atom(org.jetbrains.sbt.StructurePlugin)))
[debug] Clause(Atom(sbt.plugins.JvmPlugin),Set(Atom(org.jetbrains.sbt.IdeaShellPlugin)))
[debug] Clause(And(Set(Atom(sbt.plugins.CorePlugin), Atom(sbt.plugins.JvmPlugin))),Set(Atom(org.jetbrains.sbt.indices.SbtIntellijIndicesPlugin))))
[debug]   :: deduced result: Matched(sbt.plugins.CorePlugin,sbt.plugins.Giter8TemplatePlugin,sbt.plugins.IvyPlugin,sbt.plugins.JvmPlugin,sbt.plugins.SemanticdbPlugin,org.jetbrains.sbt.indices.SbtIntellijIndicesPlugin,sbt.plugins.JUnitXmlReportPlugin,org.jetbrains.sbt.IdeaShellPlugin,org.jetbrains.sbt.StructurePlugin,sbt.plugins.MiniDependencyTreePlugin)
[debug] Plugins.deducer#function took 5.3112 ms
[info] loading settings for project root from build.sbt ...
[debug]         Load.resolveProject(root) took 45.306ms
[debug]       Load.loadTransitive: finalizeProject(Project(id root, base: C:\Users\Joshua Goon\OneDrive\Documents\GitHub\finalprojectv2-joshuagoon, plugins: List(<none>))) took 53.9226ms
[debug] [Loading] Done in C:\Users\Joshua Goon\OneDrive\Documents\GitHub\finalprojectv2-joshuagoon, returning: (root)
[debug]     Load.loadUnit: loadedProjectsRaw took 3395.6806ms
[debug]     Load.loadUnit: cleanEvalClasses took 17.086ms
[debug]   Load.loadUnit(file:/C:/Users/Joshua%20Goon/OneDrive/Documents/GitHub/finalprojectv2-joshuagoon/, ...) took 9527.7343ms
[debug] Load.apply: load took 9591.0483ms
[debug] Load.apply: resolveProjects took 0.1882ms
[debug] Load.apply: finalTransforms took 57.2071ms
[debug] Load.apply: config.delegates took 0.6356ms
[debug] Load.apply: Def.make(settings)... took 158.3804ms
[debug] Load.apply: structureIndex took 62.7493ms
[debug] Load.apply: mkStreams took 0.0039ms
[info] set current project to scalaFXIntro (in build file:/C:/Users/Joshua%20Goon/OneDrive/Documents/GitHub/finalprojectv2-joshuagoon/)
[debug] > Exec(sbtPopOnFailure, None, None)
[debug] > Exec(resumeFromFailure, None, None)
[debug] > Exec(notifyUsersAboutShell, None, None)
[debug] > Exec(iflast shell, None, None)
[debug] > Exec(; set ideaPort in Global := 51081 ; idea-shell, None, None)
[debug] > Exec(set ideaPort in Global := 51081, None, None)
[info] Defining Global / ideaPort
[info] The new value will be used by Compile / compile, Test / compile
[debug] Defining 
[debug] 	Global / ideaPort
[debug] 
[debug] The new value will be used by 
[debug] 	Compile / compile
[debug] 	Test / compile
[info] Reapplying settings...
[info] set current project to scalaFXIntro (in build file:/C:/Users/Joshua%20Goon/OneDrive/Documents/GitHub/finalprojectv2-joshuagoon/)
[debug] > Exec(idea-shell, None, None)
